(0000) 3000  0011000000000000 (   1)                 .ORIG x3000
(3000) 2232  0010001000110010 (   3)                 LD    R1 LEFT
(3001) 2432  0010010000110010 (   4)                 LD    R2 RIGHT
(3002) 56E0  0101011011100000 (   7) DIVISION        AND   R3 R3 #0
(3003) 5920  0101100100100000 (   8)                 AND   R4 R4 #0
(3004) 96BF  1001011010111111 (  10)                 NOT   R3 R2
(3005) 16E1  0001011011100001 (  11)                 ADD   R3 R3 #1
(3006) 1921  0001100100100001 (  14) LOOPD           ADD   R4 R4 #1
(3007) 1243  0001001001000011 (  15)                 ADD   R1 R1 R3
(3008) 0802  0000100000000010 (  16)                 BRN   NEGATIVE
(3009) 0403  0000010000000011 (  17)                 BRZ   ZERO
(300A) 03FB  0000001111111011 (  18)                 BRP   LOOPD
(300B) 193F  0001100100111111 (  21) NEGATIVE        ADD   R4 R4 #-1
(300C) 1642  0001011001000010 (  22)                 ADD   R3 R1 R2
(300D) 200C  0010000000001100 (  26) ZERO            LD    R0 DECCONV
(300E) 16C0  0001011011000000 (  27)                 ADD   R3 R3 R0
(300F) 1900  0001100100000000 (  28)                 ADD   R4 R4 R0
(3010) 360A  0011011000001010 (  30)                 ST    R3 REMRESULT
(3011) 380A  0011100000001010 (  31)                 ST    R4 DIVRESULT
(3012) 2009  0010000000001001 (  33)                 LD    R0 DIVRESULT
(3013) F021  1111000000100001 (  34)                 TRAP  x21
(3014) E008  1110000000001000 (  35)                 LEA   R0 DIVSTRING
(3015) F022  1111000000100010 (  36)                 TRAP  x22
(3016) 2004  0010000000000100 (  38)                 LD    R0 REMRESULT
(3017) F021  1111000000100001 (  39)                 TRAP  x21
(3018) E00F  1110000000001111 (  40)                 LEA   R0 REMSTRING
(3019) F022  1111000000100010 (  41)                 TRAP  x22
(301A) 0030  0000000000110000 (  43) DECCONV         .FILL x0030
(301B) 0000  0000000000000000 (  44) REMRESULT       .FILL x0000
(301C) 0000  0000000000000000 (  45) DIVRESULT       .FILL x0000
(301D) 002D  0000000000101101 (  46) DIVSTRING       .FILL x002D
(301E) 002D  0000000000101101 (  46)                 .FILL x002D
(301F) 002D  0000000000101101 (  46)                 .FILL x002D
(3020) 002D  0000000000101101 (  46)                 .FILL x002D
(3021) 002D  0000000000101101 (  46)                 .FILL x002D
(3022) 002D  0000000000101101 (  46)                 .FILL x002D
(3023) 002D  0000000000101101 (  46)                 .FILL x002D
(3024) 002D  0000000000101101 (  46)                 .FILL x002D
(3025) 002D  0000000000101101 (  46)                 .FILL x002D
(3026) 000A  0000000000001010 (  46)                 .FILL x000A
(3027) 0000  0000000000000000 (  46)                 .FILL x0000
(3028) 002A  0000000000101010 (  47) REMSTRING       .FILL x002A
(3029) 002A  0000000000101010 (  47)                 .FILL x002A
(302A) 002A  0000000000101010 (  47)                 .FILL x002A
(302B) 002A  0000000000101010 (  47)                 .FILL x002A
(302C) 002A  0000000000101010 (  47)                 .FILL x002A
(302D) 002A  0000000000101010 (  47)                 .FILL x002A
(302E) 002A  0000000000101010 (  47)                 .FILL x002A
(302F) 002A  0000000000101010 (  47)                 .FILL x002A
(3030) 002A  0000000000101010 (  47)                 .FILL x002A
(3031) 000A  0000000000001010 (  47)                 .FILL x000A
(3032) 0000  0000000000000000 (  47)                 .FILL x0000
(3033) 000A  0000000000001010 (  48) LEFT            .FILL x000A
(3034) 0002  0000000000000010 (  49) RIGHT           .FILL x0002
