(0000) 3000  0011000000000000 (   1)                 .ORIG x3000
(3000) E025  1110000000100101 (   3)                 LEA   R0 PROMPT
(3001) F022  1111000000100010 (   4)                 TRAP  x22
(3002) 201F  0010000000011111 (   5)                 LD    R0 ENTER
(3003) F021  1111000000100001 (   6)                 TRAP  x21
(3004) F023  1111000000100011 (   7)                 TRAP  x23
(3005) 5B60  0101101101100000 (   9)                 AND   R5 R5 #0
(3006) 1B40  0001101101000000 (  10)                 ADD   R5 R5 R0
(3007) 5260  0101001001100000 (  12)                 AND   R1 R1 #0
(3008) 241C  0010010000011100 (  13)                 LD    R2 MASK_COUNT
(3009) 94BF  1001010010111111 (  14)                 NOT   R2 R2
(300A) 14A1  0001010010100001 (  15)                 ADD   R2 R2 #1
(300B) 1642  0001011001000010 (  18) WHILE_LOOP      ADD   R3 R1 R2
(300C) 040D  0000010000001101 (  20)                 BRZ   LOOP_END
(300D) E60F  1110011000001111 (  23)                 LEA   R3 BINARY
(300E) 16C1  0001011011000001 (  25)                 ADD   R3 R3 R1
(300F) 68C0  0110100011000000 (  27)                 LDR   R4 R3 #0
(3010) 5905  0101100100000101 (  29)                 AND   R4 R4 R5
(3011) 0404  0000010000000100 (  31)                 BRZ   NO_BIT
(3012) 2011  0010000000010001 (  32)                 LD    R0 ASCII_ONE
(3013) F021  1111000000100001 (  33)                 TRAP  x21
(3014) 1261  0001001001100001 (  34)                 ADD   R1 R1 #1
(3015) 0FF5  0000111111110101 (  35)                 BRNZP WHILE_LOOP
(3016) 200C  0010000000001100 (  37) NO_BIT          LD    R0 ASCII_ZERO
(3017) F021  1111000000100001 (  38)                 TRAP  x21
(3018) 1261  0001001001100001 (  40)                 ADD   R1 R1 #1
(3019) 0FF1  0000111111110001 (  41)                 BRNZP WHILE_LOOP
(301A) 2007  0010000000000111 (  44) LOOP_END        LD    R0 ENTER
(301B) F021  1111000000100001 (  45)                 TRAP  x21
(301C) F025  1111000000100101 (  46)                 TRAP  x25
(301D) 0008  0000000000001000 (  49) BINARY          .FILL x0008
(301E) 0004  0000000000000100 (  50)                 .FILL x0004
(301F) 0002  0000000000000010 (  51)                 .FILL x0002
(3020) 0001  0000000000000001 (  52)                 .FILL x0001
(3021) 0000  0000000000000000 (  53)                 .FILL x0000
(3022) 000A  0000000000001010 (  56) ENTER           .FILL x000A
(3023) 0030  0000000000110000 (  57) ASCII_ZERO      .FILL x0030
(3024) 0031  0000000000110001 (  58) ASCII_ONE       .FILL x0031
(3025) 0004  0000000000000100 (  59) MASK_COUNT      .FILL x0004
(3026) 0045  0000000001000101 (  60) PROMPT          .FILL x0045
(3027) 006E  0000000001101110 (  60)                 .FILL x006E
(3028) 0074  0000000001110100 (  60)                 .FILL x0074
(3029) 0065  0000000001100101 (  60)                 .FILL x0065
(302A) 0072  0000000001110010 (  60)                 .FILL x0072
(302B) 0020  0000000000100000 (  60)                 .FILL x0020
(302C) 0061  0000000001100001 (  60)                 .FILL x0061
(302D) 0020  0000000000100000 (  60)                 .FILL x0020
(302E) 006E  0000000001101110 (  60)                 .FILL x006E
(302F) 0075  0000000001110101 (  60)                 .FILL x0075
(3030) 006D  0000000001101101 (  60)                 .FILL x006D
(3031) 0062  0000000001100010 (  60)                 .FILL x0062
(3032) 0065  0000000001100101 (  60)                 .FILL x0065
(3033) 0072  0000000001110010 (  60)                 .FILL x0072
(3034) 0020  0000000000100000 (  60)                 .FILL x0020
(3035) 0066  0000000001100110 (  60)                 .FILL x0066
(3036) 0072  0000000001110010 (  60)                 .FILL x0072
(3037) 006F  0000000001101111 (  60)                 .FILL x006F
(3038) 006D  0000000001101101 (  60)                 .FILL x006D
(3039) 0020  0000000000100000 (  60)                 .FILL x0020
(303A) 0030  0000000000110000 (  60)                 .FILL x0030
(303B) 002D  0000000000101101 (  60)                 .FILL x002D
(303C) 0039  0000000000111001 (  60)                 .FILL x0039
(303D) 0000  0000000000000000 (  60)                 .FILL x0000
