(0000) 3000  0011000000000000 (   1)                 .ORIG x3000
(3000) E03F  1110000000111111 (   2) INPUT           LEA   R0 MESSAGE
(3001) F022  1111000000100010 (   3)                 TRAP  x22
(3002) 5020  0101000000100000 (   4)                 AND   R0 R0 #0
(3003) 5260  0101001001100000 (   5)                 AND   R1 R1 #0
(3004) 5DA0  0101110110100000 (   6)                 AND   R6 R6 #0
(3005) 56E0  0101011011100000 (   7)                 AND   R3 R3 #0
(3006) EC62  1110110001100010 (   8)                 LEA   R6 MEMORYSPACE
(3007) 13A0  0001001110100000 (   9)                 ADD   R1 R6 #0
(3008) F020  1111000000100000 (  11) LOOP            TRAP  x20
(3009) 3069  0011000001101001 (  12)                 ST    R0 COUNT
(300A) F021  1111000000100001 (  13)                 TRAP  x21
(300B) 2E67  0010111001100111 (  14)                 LD    R7 COUNT
(300C) 2468  0010010001101000 (  15)                 LD    R2 NEWLINE
(300D) 1FC2  0001111111000010 (  16)                 ADD   R7 R7 R2
(300E) 0405  0000010000000101 (  17)                 BRZ   OUTPUT
(300F) 7040  0111000001000000 (  18)                 STR   R0 R1 #0
(3010) 1261  0001001001100001 (  19)                 ADD   R1 R1 #1
(3011) 16E1  0001011011100001 (  20)                 ADD   R3 R3 #1
(3012) 3669  0011011001101001 (  21)                 ST    R3 NUMBER
(3013) 0FF4  0000111111110100 (  24)                 BRNZP LOOP
(3014) 2E5F  0010111001011111 (  30) OUTPUT          LD    R7 DIGIT
(3015) 1FC3  0001111111000011 (  31)                 ADD   R7 R7 R3
(3016) 03E9  0000001111101001 (  32)                 BRP   INPUT
(3017) 16FF  0001011011111111 (  33)                 ADD   R3 R3 #-1
(3018) 0401  0000010000000001 (  34)                 BRZ   SINGLE
(3019) 0E05  0000111000000101 (  35)                 BRNZP TWO
(301A) 6F80  0110111110000000 (  39) SINGLE          LDR   R7 R6 #0
(301B) 245A  0010010001011010 (  40)                 LD    R2 TWODIGIT
(301C) 1FC2  0001111111000010 (  41)                 ADD   R7 R7 R2
(301D) 09E2  0000100111100010 (  42)                 BRN   INPUT
(301E) 0E18  0000111000011000 (  43)                 BRNZP SINCAL
(301F) 5260  0101001001100000 (  46) TWO             AND   R1 R1 #0
(3020) 1246  0001001001000110 (  47)                 ADD   R1 R1 R6
(3021) 6F80  0110111110000000 (  48)                 LDR   R7 R6 #0
(3022) 2454  0010010001010100 (  49)                 LD    R2 ONEDIGIT
(3023) 1FC2  0001111111000010 (  50)                 ADD   R7 R7 R2
(3024) 0401  0000010000000001 (  51)                 BRZ   EQUAL
(3025) 03DA  0000001111011010 (  52)                 BRP   INPUT
(3026) 1261  0001001001100001 (  54) EQUAL           ADD   R1 R1 #1
(3027) 6E40  0110111001000000 (  55)                 LDR   R7 R1 #0
(3028) 244D  0010010001001101 (  56)                 LD    R2 TWODIGIT
(3029) 1FC2  0001111111000010 (  57)                 ADD   R7 R7 R2
(302A) 03D5  0000001111010101 (  58)                 BRP   INPUT
(302B) 204D  0010000001001101 (  62) CALCULATE       LD    R0 CHAR
(302C) 6F80  0110111110000000 (  63)                 LDR   R7 R6 #0
(302D) 1FC0  0001111111000000 (  64)                 ADD   R7 R7 R0
(302E) 56E0  0101011011100000 (  68)                 AND   R3 R3 #0
(302F) 2448  0010010001001000 (  69)                 LD    R2 BASE
(3030) 16C2  0001011011000010 (  71) TIMES           ADD   R3 R3 R2
(3031) 1FFF  0001111111111111 (  72)                 ADD   R7 R7 #-1
(3032) 03FD  0000001111111101 (  73)                 BRP   TIMES
(3033) 6F81  0110111110000001 (  74)                 LDR   R7 R6 #1
(3034) 1FC0  0001111111000000 (  75)                 ADD   R7 R7 R0
(3035) 16C7  0001011011000111 (  76)                 ADD   R3 R3 R7
(3036) 0E05  0000111000000101 (  77)                 BRNZP FIBONACCI
(3037) 6F80  0110111110000000 (  79) SINCAL          LDR   R7 R6 #0
(3038) 2040  0010000001000000 (  80)                 LD    R0 CHAR
(3039) 1FC0  0001111111000000 (  81)                 ADD   R7 R7 R0
(303A) 56E0  0101011011100000 (  82)                 AND   R3 R3 #0
(303B) 16C7  0001011011000111 (  83)                 ADD   R3 R3 R7
(303C) 2C41  0010110001000001 (  87) FIBONACCI       LD    R6 INIT_PTR
(303D) 2A40  0010101001000000 (  88)                 LD    R5 INIT_PTR
(303E) 1B61  0001101101100001 (  89)                 ADD   R5 R5 #1
(303F) 0E4B  0000111001001011 (  90)                 BRNZP MAIN
(3040) 0050  0000000001010000 (  92) MESSAGE         .FILL x0050
(3041) 006C  0000000001101100 (  92)                 .FILL x006C
(3042) 0065  0000000001100101 (  92)                 .FILL x0065
(3043) 0061  0000000001100001 (  92)                 .FILL x0061
(3044) 0073  0000000001110011 (  92)                 .FILL x0073
(3045) 0065  0000000001100101 (  92)                 .FILL x0065
(3046) 0020  0000000000100000 (  92)                 .FILL x0020
(3047) 0069  0000000001101001 (  92)                 .FILL x0069
(3048) 006E  0000000001101110 (  92)                 .FILL x006E
(3049) 0070  0000000001110000 (  92)                 .FILL x0070
(304A) 0075  0000000001110101 (  92)                 .FILL x0075
(304B) 0074  0000000001110100 (  92)                 .FILL x0074
(304C) 0020  0000000000100000 (  92)                 .FILL x0020
(304D) 0061  0000000001100001 (  92)                 .FILL x0061
(304E) 0020  0000000000100000 (  92)                 .FILL x0020
(304F) 006E  0000000001101110 (  92)                 .FILL x006E
(3050) 0075  0000000001110101 (  92)                 .FILL x0075
(3051) 006D  0000000001101101 (  92)                 .FILL x006D
(3052) 0062  0000000001100010 (  92)                 .FILL x0062
(3053) 0065  0000000001100101 (  92)                 .FILL x0065
(3054) 0072  0000000001110010 (  92)                 .FILL x0072
(3055) 0020  0000000000100000 (  92)                 .FILL x0020
(3056) 0062  0000000001100010 (  92)                 .FILL x0062
(3057) 0065  0000000001100101 (  92)                 .FILL x0065
(3058) 0074  0000000001110100 (  92)                 .FILL x0074
(3059) 0077  0000000001110111 (  92)                 .FILL x0077
(305A) 0065  0000000001100101 (  92)                 .FILL x0065
(305B) 0065  0000000001100101 (  92)                 .FILL x0065
(305C) 006E  0000000001101110 (  92)                 .FILL x006E
(305D) 0020  0000000000100000 (  92)                 .FILL x0020
(305E) 0033  0000000000110011 (  92)                 .FILL x0033
(305F) 0020  0000000000100000 (  92)                 .FILL x0020
(3060) 0061  0000000001100001 (  92)                 .FILL x0061
(3061) 006E  0000000001101110 (  92)                 .FILL x006E
(3062) 0064  0000000001100100 (  92)                 .FILL x0064
(3063) 0020  0000000000100000 (  92)                 .FILL x0020
(3064) 0032  0000000000110010 (  92)                 .FILL x0032
(3065) 0033  0000000000110011 (  92)                 .FILL x0033
(3066) 0020  0000000000100000 (  92)                 .FILL x0020
(3067) 003A  0000000000111010 (  92)                 .FILL x003A
(3068) 0000  0000000000000000 (  92)                 .FILL x0000
(3069) 0000  0000000000000000 (  94) MEMORYSPACE     .FILL x0000
(306A) 0000  0000000000000000 (  94)                 .FILL x0000
(306B) 0000  0000000000000000 (  94)                 .FILL x0000
(306C) 0000  0000000000000000 (  94)                 .FILL x0000
(306D) 0000  0000000000000000 (  94)                 .FILL x0000
(306E) 0000  0000000000000000 (  94)                 .FILL x0000
(306F) 0000  0000000000000000 (  94)                 .FILL x0000
(3070) 0000  0000000000000000 (  94)                 .FILL x0000
(3071) 0000  0000000000000000 (  94)                 .FILL x0000
(3072) 0000  0000000000000000 (  94)                 .FILL x0000
(3073) 0000  0000000000000000 (  94) COUNT           .FILL x0000
(3074) FFFE  1111111111111110 (  95) DIGIT           .FILL xFFFE
(3075) FFF6  1111111111110110 (  96) NEWLINE         .FILL xFFF6
(3076) FFCD  1111111111001101 (  97) TWODIGIT        .FILL xFFCD
(3077) FFCE  1111111111001110 (  98) ONEDIGIT        .FILL xFFCE
(3078) 000A  0000000000001010 (  99) BASE            .FILL x000A
(3079) FFD0  1111111111010000 ( 100) CHAR            .FILL xFFD0
(307A) 0001  0000000000000001 ( 101) LEFT            .FILL x0001
(307B) 0001  0000000000000001 ( 102) RIGHT           .FILL x0001
(307C) 0001  0000000000000001 ( 103) NUMBER          .FILL x0001
(307D) 0000  0000000000000000 ( 104) ORIGIN          .FILL x0000
(307E) 5000  0101000000000000 ( 105) INIT_PTR        .FILL x5000
(307F) 0000  0000000000000000 ( 106) DATA            .FILL x0000
(3080) 0030  0000000000110000 ( 107) CHARACTER       .FILL x0030
(3081) 0000  0000000000000000 ( 108) ADDRESS         .FILL x0000
(3082) 0020  0000000000100000 ( 110) SPACE           .FILL x0020
(3083) 0030  0000000000110000 ( 111) DECCONV         .FILL x0030
(3084) 0000  0000000000000000 ( 112) REMRESULT       .FILL x0000
(3085) 0000  0000000000000000 ( 113) DIVRESULT       .FILL x0000
(3086) 2710  0010011100010000 ( 114) DIVNUMBER       .FILL x2710
(3087) 03E8  0000001111101000 ( 115)                 .FILL x03E8
(3088) 0064  0000000001100100 ( 116)                 .FILL x0064
(3089) 000A  0000000000001010 ( 117)                 .FILL x000A
(308A) 0001  0000000000000001 ( 118)                 .FILL x0001
(308B) 16FF  0001011011111111 ( 123) MAIN            ADD   R3 R3 #-1
(308C) 7780  0111011110000000 ( 125)                 STR   R3 R6 #0
(308D) 481D  0100100000011101 ( 126)                 JSR   Fibonacci
(308E) 6180  0110000110000000 ( 128)                 LDR   R0 R6 #0
(308F) 31ED  0011000111101101 ( 129)                 ST    R0 ORIGIN
(3090) 5260  0101001001100000 ( 130)                 AND   R1 R1 #0
(3091) E3F4  1110001111110100 ( 131)                 LEA   R1 DIVNUMBER
(3092) 54A0  0101010010100000 ( 132)                 AND   R2 R2 #0
(3093) 14A1  0001010010100001 ( 133)                 ADD   R2 R2 #1
(3094) 56E0  0101011011100000 ( 134)                 AND   R3 R3 #0
(3095) 16E5  0001011011100101 ( 135)                 ADD   R3 R3 #5
(3096) 21E6  0010000111100110 ( 137) RESULT          LD    R0 ORIGIN
(3097) 6E40  0110111001000000 ( 138)                 LDR   R7 R1 #0
(3098) 0E37  0000111000110111 ( 139)                 BRNZP DIVISION
(3099) 1DA0  0001110110100000 ( 141) TEMP            ADD   R6 R6 #0
(309A) 0203  0000001000000011 ( 142)                 BRP   TT
(309B) 16FF  0001011011111111 ( 143)                 ADD   R3 R3 #-1
(309C) 1242  0001001001000010 ( 144)                 ADD   R1 R1 R2
(309D) 0FF8  0000111111111000 ( 145)                 BRNZP RESULT
(309E) 21DE  0010000111011110 ( 147) TT              LD    R0 ORIGIN
(309F) 6E40  0110111001000000 ( 148)                 LDR   R7 R1 #0
(30A0) 0E3D  0000111000111101 ( 149)                 BRNZP DIVISION2
(30A1) 21E3  0010000111100011 ( 151) JUDGE           LD    R0 DIVRESULT
(30A2) 29DD  0010100111011101 ( 152)                 LD    R4 CHARACTER
(30A3) 1004  0001000000000100 ( 153)                 ADD   R0 R0 R4
(30A4) F021  1111000000100001 ( 154)                 TRAP  x21
(30A5) 21DE  0010000111011110 ( 155)                 LD    R0 REMRESULT
(30A6) 31D6  0011000111010110 ( 156)                 ST    R0 ORIGIN
(30A7) 1261  0001001001100001 ( 157)                 ADD   R1 R1 #1
(30A8) 16FF  0001011011111111 ( 158)                 ADD   R3 R3 #-1
(30A9) 03F4  0000001111110100 ( 159)                 BRP   TT
(30AA) F025  1111000000100101 ( 160)                 TRAP  x25
(30AB) 1DBE  0001110110111110 ( 164) Fibonacci       ADD   R6 R6 #-2
(30AC) 7F80  0111111110000000 ( 165)                 STR   R7 R6 #0
(30AD) 1DBF  0001110110111111 ( 166)                 ADD   R6 R6 #-1
(30AE) 7B80  0111101110000000 ( 167)                 STR   R5 R6 #0
(30AF) 1BBF  0001101110111111 ( 168)                 ADD   R5 R6 #-1
(30B0) 1DBE  0001110110111110 ( 169)                 ADD   R6 R6 #-2
(30B1) 6144  0110000101000100 ( 170)                 LDR   R0 R5 #4
(30B2) 0414  0000010000010100 ( 171)                 BRZ   FIB_BASE
(30B3) 103F  0001000000111111 ( 172)                 ADD   R0 R0 #-1
(30B4) 0412  0000010000010010 ( 173)                 BRZ   FIB_BASE
(30B5) 6144  0110000101000100 ( 174)                 LDR   R0 R5 #4
(30B6) 103F  0001000000111111 ( 175)                 ADD   R0 R0 #-1
(30B7) 1DBF  0001110110111111 ( 176)                 ADD   R6 R6 #-1
(30B8) 7180  0111000110000000 ( 177)                 STR   R0 R6 #0
(30B9) 4FF1  0100111111110001 ( 178)                 JSR   Fibonacci
(30BA) 6180  0110000110000000 ( 180)                 LDR   R0 R6 #0
(30BB) 1DA1  0001110110100001 ( 181)                 ADD   R6 R6 #1
(30BC) 717F  0111000101111111 ( 182)                 STR   R0 R5 #-1
(30BD) 6144  0110000101000100 ( 183)                 LDR   R0 R5 #4
(30BE) 103E  0001000000111110 ( 184)                 ADD   R0 R0 #-2
(30BF) 1DBF  0001110110111111 ( 185)                 ADD   R6 R6 #-1
(30C0) 7180  0111000110000000 ( 186)                 STR   R0 R6 #0
(30C1) 4FE9  0100111111101001 ( 187)                 JSR   Fibonacci
(30C2) 6180  0110000110000000 ( 188)                 LDR   R0 R6 #0
(30C3) 1DA1  0001110110100001 ( 189)                 ADD   R6 R6 #1
(30C4) 637F  0110001101111111 ( 190)                 LDR   R1 R5 #-1
(30C5) 1001  0001000000000001 ( 191)                 ADD   R0 R0 R1
(30C6) 0E02  0000111000000010 ( 192)                 BRNZP FIB_END
(30C7) 5020  0101000000100000 ( 193) FIB_BASE        AND   R0 R0 #0
(30C8) 1021  0001000000100001 ( 194)                 ADD   R0 R0 #1
(30C9) 7143  0111000101000011 ( 195) FIB_END         STR   R0 R5 #3
(30CA) 1D61  0001110101100001 ( 196)                 ADD   R6 R5 #1
(30CB) 6B80  0110101110000000 ( 197)                 LDR   R5 R6 #0
(30CC) 1DA1  0001110110100001 ( 198)                 ADD   R6 R6 #1
(30CD) 6F80  0110111110000000 ( 199)                 LDR   R7 R6 #0
(30CE) 1DA1  0001110110100001 ( 200)                 ADD   R6 R6 #1
(30CF) C1C0  1100000111000000 ( 201)                 RET   
(30D0) 5B60  0101101101100000 ( 204) DIVISION        AND   R5 R5 #0
(30D1) 5DA0  0101110110100000 ( 205)                 AND   R6 R6 #0
(30D2) 9BFF  1001101111111111 ( 206)                 NOT   R5 R7
(30D3) 1B61  0001101101100001 ( 207)                 ADD   R5 R5 #1
(30D4) 1DA1  0001110110100001 ( 210) LOOPD           ADD   R6 R6 #1
(30D5) 1005  0001000000000101 ( 211)                 ADD   R0 R0 R5
(30D6) 0802  0000100000000010 ( 212)                 BRN   NEGATIVE
(30D7) 0403  0000010000000011 ( 213)                 BRZ   ZERO
(30D8) 03FB  0000001111111011 ( 214)                 BRP   LOOPD
(30D9) 1DBF  0001110110111111 ( 217) NEGATIVE        ADD   R6 R6 #-1
(30DA) 1A07  0001101000000111 ( 218)                 ADD   R5 R0 R7
(30DB) 3BA8  0011101110101000 ( 231) ZERO            ST    R5 REMRESULT
(30DC) 3DA8  0011110110101000 ( 232)                 ST    R6 DIVRESULT
(30DD) 0FBB  0000111110111011 ( 239)                 BRNZP TEMP
(30DE) 5B60  0101101101100000 ( 242) DIVISION2       AND   R5 R5 #0
(30DF) 5DA0  0101110110100000 ( 243)                 AND   R6 R6 #0
(30E0) 9BFF  1001101111111111 ( 244)                 NOT   R5 R7
(30E1) 1B61  0001101101100001 ( 245)                 ADD   R5 R5 #1
(30E2) 1DA1  0001110110100001 ( 248) LOOPD2          ADD   R6 R6 #1
(30E3) 1005  0001000000000101 ( 249)                 ADD   R0 R0 R5
(30E4) 0802  0000100000000010 ( 250)                 BRN   NEGATIVE2
(30E5) 0403  0000010000000011 ( 251)                 BRZ   ZERO2
(30E6) 03FB  0000001111111011 ( 252)                 BRP   LOOPD2
(30E7) 1DBF  0001110110111111 ( 255) NEGATIVE2       ADD   R6 R6 #-1
(30E8) 1A07  0001101000000111 ( 256)                 ADD   R5 R0 R7
(30E9) 3B9A  0011101110011010 ( 269) ZERO2           ST    R5 REMRESULT
(30EA) 3D9A  0011110110011010 ( 270)                 ST    R6 DIVRESULT
(30EB) 0FB5  0000111110110101 ( 272)                 BRNZP JUDGE
