(0000) 3000  0011000000000000 (   1)                 .ORIG x3000
(3000) E038  1110000000111000 (   2) INPUT           LEA   R0 MESSAGE
(3001) F022  1111000000100010 (   3)                 TRAP  x22
(3002) 5020  0101000000100000 (   4)                 AND   R0 R0 #0
(3003) 5260  0101001001100000 (   5)                 AND   R1 R1 #0
(3004) 5DA0  0101110110100000 (   6)                 AND   R6 R6 #0
(3005) 54A0  0101010010100000 (   7)                 AND   R2 R2 #0
(3006) 56E0  0101011011100000 (   8)                 AND   R3 R3 #0
(3007) EC4F  1110110001001111 (   9)                 LEA   R6 MEMORYSPACE
(3008) 13A0  0001001110100000 (  10)                 ADD   R1 R6 #0
(3009) F020  1111000000100000 (  12) LOOP            TRAP  x20
(300A) 3058  0011000001011000 (  13)                 ST    R0 COUNT
(300B) F021  1111000000100001 (  14)                 TRAP  x21
(300C) 2E56  0010111001010110 (  16)                 LD    R7 COUNT
(300D) 2456  0010010001010110 (  17)                 LD    R2 NEWLINE
(300E) 1FC2  0001111111000010 (  19)                 ADD   R7 R7 R2
(300F) 0403  0000010000000011 (  20)                 BRZ   OUTPUT
(3010) 7040  0111000001000000 (  21)                 STR   R0 R1 #0
(3011) 1261  0001001001100001 (  22)                 ADD   R1 R1 #1
(3012) 0FF6  0000111111110110 (  25)                 BRNZP LOOP
(3013) 244D  0010010001001101 (  28) OUTPUT          LD    R2 MIN
(3014) 6F80  0110111110000000 (  29)                 LDR   R7 R6 #0
(3015) 1FC2  0001111111000010 (  30)                 ADD   R7 R7 R2
(3016) 081C  0000100000011100 (  31)                 BRN   EXIT
(3017) 244A  0010010001001010 (  32)                 LD    R2 MAX
(3018) 6F80  0110111110000000 (  33)                 LDR   R7 R6 #0
(3019) 1FC2  0001111111000010 (  34)                 ADD   R7 R7 R2
(301A) 0218  0000001000011000 (  35)                 BRP   EXIT
(301B) 5B60  0101101101100000 (  41)                 AND   R5 R5 #0
(301C) 6B80  0110101110000000 (  43)                 LDR   R5 R6 #0
(301D) 5260  0101001001100000 (  44)                 AND   R1 R1 #0
(301E) 244A  0010010001001010 (  45)                 LD    R2 MASK_COUNT
(301F) 94BF  1001010010111111 (  46)                 NOT   R2 R2
(3020) 14A1  0001010010100001 (  47)                 ADD   R2 R2 #1
(3021) 1642  0001011001000010 (  49) WHILE_LOOP      ADD   R3 R1 R2
(3022) 040D  0000010000001101 (  50)                 BRZ   LOOP_END
(3023) E610  1110011000010000 (  51)                 LEA   R3 BINARY
(3024) 16C1  0001011011000001 (  52)                 ADD   R3 R3 R1
(3025) 68C0  0110100011000000 (  53)                 LDR   R4 R3 #0
(3026) 5905  0101100100000101 (  54)                 AND   R4 R4 R5
(3027) 0404  0000010000000100 (  55)                 BRZ   NO_BIT
(3028) 203F  0010000000111111 (  56)                 LD    R0 ASCII_ONE
(3029) F021  1111000000100001 (  57)                 TRAP  x21
(302A) 1261  0001001001100001 (  58)                 ADD   R1 R1 #1
(302B) 0FF5  0000111111110101 (  59)                 BRNZP WHILE_LOOP
(302C) 203A  0010000000111010 (  61) NO_BIT          LD    R0 ASCII_ZERO
(302D) F021  1111000000100001 (  62)                 TRAP  x21
(302E) 1261  0001001001100001 (  63)                 ADD   R1 R1 #1
(302F) 0FF1  0000111111110001 (  64)                 BRNZP WHILE_LOOP
(3030) 2034  0010000000110100 (  66) LOOP_END        LD    R0 ENTER
(3031) F021  1111000000100001 (  67)                 TRAP  x21
(3032) 0FCD  0000111111001101 (  68)                 BRNZP INPUT
(3033) F025  1111000000100101 (  71) EXIT            TRAP  x25
(3034) 0008  0000000000001000 (  73) BINARY          .FILL x0008
(3035) 0004  0000000000000100 (  74)                 .FILL x0004
(3036) 0002  0000000000000010 (  75)                 .FILL x0002
(3037) 0001  0000000000000001 (  76)                 .FILL x0001
(3038) 0000  0000000000000000 (  77)                 .FILL x0000
(3039) 0050  0000000001010000 (  79) MESSAGE         .FILL x0050
(303A) 006C  0000000001101100 (  79)                 .FILL x006C
(303B) 0065  0000000001100101 (  79)                 .FILL x0065
(303C) 0061  0000000001100001 (  79)                 .FILL x0061
(303D) 0073  0000000001110011 (  79)                 .FILL x0073
(303E) 0065  0000000001100101 (  79)                 .FILL x0065
(303F) 0020  0000000000100000 (  79)                 .FILL x0020
(3040) 0069  0000000001101001 (  79)                 .FILL x0069
(3041) 006E  0000000001101110 (  79)                 .FILL x006E
(3042) 0070  0000000001110000 (  79)                 .FILL x0070
(3043) 0075  0000000001110101 (  79)                 .FILL x0075
(3044) 0074  0000000001110100 (  79)                 .FILL x0074
(3045) 0020  0000000000100000 (  79)                 .FILL x0020
(3046) 0061  0000000001100001 (  79)                 .FILL x0061
(3047) 006E  0000000001101110 (  79)                 .FILL x006E
(3048) 0020  0000000000100000 (  79)                 .FILL x0020
(3049) 0069  0000000001101001 (  79)                 .FILL x0069
(304A) 006E  0000000001101110 (  79)                 .FILL x006E
(304B) 0074  0000000001110100 (  79)                 .FILL x0074
(304C) 0065  0000000001100101 (  79)                 .FILL x0065
(304D) 0067  0000000001100111 (  79)                 .FILL x0067
(304E) 0065  0000000001100101 (  79)                 .FILL x0065
(304F) 0072  0000000001110010 (  79)                 .FILL x0072
(3050) 0028  0000000000101000 (  79)                 .FILL x0028
(3051) 0030  0000000000110000 (  79)                 .FILL x0030
(3052) 002D  0000000000101101 (  79)                 .FILL x002D
(3053) 0039  0000000000111001 (  79)                 .FILL x0039
(3054) 0029  0000000000101001 (  79)                 .FILL x0029
(3055) 003A  0000000000111010 (  79)                 .FILL x003A
(3056) 0000  0000000000000000 (  79)                 .FILL x0000
(3057) 0000  0000000000000000 (  81) MEMORYSPACE     .FILL x0000
(3058) 0000  0000000000000000 (  81)                 .FILL x0000
(3059) 0000  0000000000000000 (  81)                 .FILL x0000
(305A) 0000  0000000000000000 (  81)                 .FILL x0000
(305B) 0000  0000000000000000 (  81)                 .FILL x0000
(305C) 0000  0000000000000000 (  81)                 .FILL x0000
(305D) 0000  0000000000000000 (  81)                 .FILL x0000
(305E) 0000  0000000000000000 (  81)                 .FILL x0000
(305F) 0000  0000000000000000 (  81)                 .FILL x0000
(3060) 0000  0000000000000000 (  81)                 .FILL x0000
(3061) FFD0  1111111111010000 (  81) MIN             .FILL xFFD0
(3062) FFC7  1111111111000111 (  82) MAX             .FILL xFFC7
(3063) 0001  0000000000000001 (  83) COUNT           .FILL x0001
(3064) FFF6  1111111111110110 (  84) NEWLINE         .FILL xFFF6
(3065) 000A  0000000000001010 (  85) ENTER           .FILL x000A
(3066) 0000  0000000000000000 (  86) NUMBER          .FILL x0000
(3067) 0030  0000000000110000 (  87) ASCII_ZERO      .FILL x0030
(3068) 0031  0000000000110001 (  88) ASCII_ONE       .FILL x0031
(3069) 0004  0000000000000100 (  89) MASK_COUNT      .FILL x0004
