(0000) 3000  0011000000000000 (   1)                 .ORIG x3000
(3000) E02B  1110000000101011 (   2) INPUT           LEA   R0 MESSAGE
(3001) F022  1111000000100010 (   3)                 TRAP  x22
(3002) 5020  0101000000100000 (   4)                 AND   R0 R0 #0
(3003) 5260  0101001001100000 (   5)                 AND   R1 R1 #0
(3004) 5DA0  0101110110100000 (   6)                 AND   R6 R6 #0
(3005) 56E0  0101011011100000 (   7)                 AND   R3 R3 #0
(3006) EC4D  1110110001001101 (   8)                 LEA   R6 MEMORYSPACE
(3007) 13A0  0001001110100000 (   9)                 ADD   R1 R6 #0
(3008) F020  1111000000100000 (  11) LOOP            TRAP  x20
(3009) 3054  0011000001010100 (  12)                 ST    R0 COUNT
(300A) F021  1111000000100001 (  13)                 TRAP  x21
(300B) 2E52  0010111001010010 (  15)                 LD    R7 COUNT
(300C) 2453  0010010001010011 (  16)                 LD    R2 NEWLINE
(300D) 1FC2  0001111111000010 (  17)                 ADD   R7 R7 R2
(300E) 0404  0000010000000100 (  18)                 BRZ   OUTPUT
(300F) 7040  0111000001000000 (  19)                 STR   R0 R1 #0
(3010) 1261  0001001001100001 (  20)                 ADD   R1 R1 #1
(3011) 16E1  0001011011100001 (  21)                 ADD   R3 R3 #1
(3012) 0FF5  0000111111110101 (  24)                 BRNZP LOOP
(3013) 2E4B  0010111001001011 (  30) OUTPUT          LD    R7 DIGIT
(3014) 1FC3  0001111111000011 (  31)                 ADD   R7 R7 R3
(3015) 03EA  0000001111101010 (  32)                 BRP   INPUT
(3016) 16FF  0001011011111111 (  33)                 ADD   R3 R3 #-1
(3017) 0401  0000010000000001 (  34)                 BRZ   SINGLE
(3018) 0E05  0000111000000101 (  35)                 BRNZP TWO
(3019) 6F80  0110111110000000 (  39) SINGLE          LDR   R7 R6 #0
(301A) 2446  0010010001000110 (  40)                 LD    R2 TWODIGIT
(301B) 1FC2  0001111111000010 (  41)                 ADD   R7 R7 R2
(301C) 09E3  0000100111100011 (  42)                 BRN   INPUT
(301D) 0E0C  0000111000001100 (  43)                 BRNZP CALCULATE
(301E) 5260  0101001001100000 (  46) TWO             AND   R1 R1 #0
(301F) 1246  0001001001000110 (  47)                 ADD   R1 R1 R6
(3020) 6F80  0110111110000000 (  48)                 LDR   R7 R6 #0
(3021) 2440  0010010001000000 (  49)                 LD    R2 ONEDIGIT
(3022) 1FC2  0001111111000010 (  50)                 ADD   R7 R7 R2
(3023) 0401  0000010000000001 (  51)                 BRZ   EQUAL
(3024) 03DB  0000001111011011 (  52)                 BRP   INPUT
(3025) 1261  0001001001100001 (  54) EQUAL           ADD   R1 R1 #1
(3026) 6E40  0110111001000000 (  55)                 LDR   R7 R1 #0
(3027) 2439  0010010000111001 (  56)                 LD    R2 TWODIGIT
(3028) 1FC2  0001111111000010 (  57)                 ADD   R7 R7 R2
(3029) 03D6  0000001111010110 (  58)                 BRP   INPUT
(302A) F022  1111000000100010 (  62) CALCULATE       TRAP  x22
(302B) F025  1111000000100101 (  65) EXIT            TRAP  x25
(302C) 0050  0000000001010000 (  66) MESSAGE         .FILL x0050
(302D) 006C  0000000001101100 (  66)                 .FILL x006C
(302E) 0065  0000000001100101 (  66)                 .FILL x0065
(302F) 0061  0000000001100001 (  66)                 .FILL x0061
(3030) 0073  0000000001110011 (  66)                 .FILL x0073
(3031) 0065  0000000001100101 (  66)                 .FILL x0065
(3032) 0020  0000000000100000 (  66)                 .FILL x0020
(3033) 0069  0000000001101001 (  66)                 .FILL x0069
(3034) 006E  0000000001101110 (  66)                 .FILL x006E
(3035) 0070  0000000001110000 (  66)                 .FILL x0070
(3036) 0075  0000000001110101 (  66)                 .FILL x0075
(3037) 0074  0000000001110100 (  66)                 .FILL x0074
(3038) 0020  0000000000100000 (  66)                 .FILL x0020
(3039) 0061  0000000001100001 (  66)                 .FILL x0061
(303A) 0020  0000000000100000 (  66)                 .FILL x0020
(303B) 006E  0000000001101110 (  66)                 .FILL x006E
(303C) 0075  0000000001110101 (  66)                 .FILL x0075
(303D) 006D  0000000001101101 (  66)                 .FILL x006D
(303E) 0062  0000000001100010 (  66)                 .FILL x0062
(303F) 0065  0000000001100101 (  66)                 .FILL x0065
(3040) 0072  0000000001110010 (  66)                 .FILL x0072
(3041) 0020  0000000000100000 (  66)                 .FILL x0020
(3042) 0062  0000000001100010 (  66)                 .FILL x0062
(3043) 0065  0000000001100101 (  66)                 .FILL x0065
(3044) 0074  0000000001110100 (  66)                 .FILL x0074
(3045) 0077  0000000001110111 (  66)                 .FILL x0077
(3046) 0065  0000000001100101 (  66)                 .FILL x0065
(3047) 0065  0000000001100101 (  66)                 .FILL x0065
(3048) 006E  0000000001101110 (  66)                 .FILL x006E
(3049) 0020  0000000000100000 (  66)                 .FILL x0020
(304A) 0033  0000000000110011 (  66)                 .FILL x0033
(304B) 0020  0000000000100000 (  66)                 .FILL x0020
(304C) 0061  0000000001100001 (  66)                 .FILL x0061
(304D) 006E  0000000001101110 (  66)                 .FILL x006E
(304E) 0064  0000000001100100 (  66)                 .FILL x0064
(304F) 0020  0000000000100000 (  66)                 .FILL x0020
(3050) 0032  0000000000110010 (  66)                 .FILL x0032
(3051) 0033  0000000000110011 (  66)                 .FILL x0033
(3052) 003A  0000000000111010 (  66)                 .FILL x003A
(3053) 0000  0000000000000000 (  66)                 .FILL x0000
(3054) 0000  0000000000000000 (  68) MEMORYSPACE     .FILL x0000
(3055) 0000  0000000000000000 (  68)                 .FILL x0000
(3056) 0000  0000000000000000 (  68)                 .FILL x0000
(3057) 0000  0000000000000000 (  68)                 .FILL x0000
(3058) 0000  0000000000000000 (  68)                 .FILL x0000
(3059) 0000  0000000000000000 (  68)                 .FILL x0000
(305A) 0000  0000000000000000 (  68)                 .FILL x0000
(305B) 0000  0000000000000000 (  68)                 .FILL x0000
(305C) 0000  0000000000000000 (  68)                 .FILL x0000
(305D) 0000  0000000000000000 (  68)                 .FILL x0000
(305E) 0000  0000000000000000 (  68) COUNT           .FILL x0000
(305F) FFFE  1111111111111110 (  69) DIGIT           .FILL xFFFE
(3060) FFF6  1111111111110110 (  70) NEWLINE         .FILL xFFF6
(3061) FFCD  1111111111001101 (  71) TWODIGIT        .FILL xFFCD
(3062) FFCE  1111111111001110 (  72) ONEDIGIT        .FILL xFFCE
